{"defaultnode":"http://localhost:9545","HOST":"localhost:9545","account":"1","gas":3700000,"confirmation":12,"disable-deterministic-oar":false,"loglevel":"info","non-interactive":false,"enable-stats":false,"no-hints":false,"gasprice":20000000000,"logFilePath":"./bridge.log","confirmations":12,"defaultGas":3700000,"level":"debug","message":"parsed options","timestamp":"2020-09-01T12:07:34.482Z"}
{"level":"info","message":"you are running ethereum-bridge - version: 0.6.2","timestamp":"2020-09-01T12:07:34.496Z"}
{"level":"info","message":"saving logs to: ./bridge.log","timestamp":"2020-09-01T12:07:34.497Z"}
{"level":"info","message":"using active mode","timestamp":"2020-09-01T12:07:34.498Z"}
{"level":"info","message":"Connecting to eth node http://localhost:9545","timestamp":"2020-09-01T12:07:34.499Z"}
{"defaultnode":"http://localhost:9545","HOST":"localhost:9545","account":"1","gas":3700000,"confirmation":12,"disable-deterministic-oar":false,"loglevel":"info","non-interactive":false,"enable-stats":false,"no-hints":false,"gasprice":20000000000,"logFilePath":"./bridge.log","confirmations":12,"defaultGas":3700000,"level":"debug","message":"parsed options","timestamp":"2020-09-01T12:10:50.306Z"}
{"level":"info","message":"you are running ethereum-bridge - version: 0.6.2","timestamp":"2020-09-01T12:10:50.311Z"}
{"level":"info","message":"saving logs to: ./bridge.log","timestamp":"2020-09-01T12:10:50.312Z"}
{"level":"info","message":"using active mode","timestamp":"2020-09-01T12:10:50.314Z"}
{"level":"info","message":"Connecting to eth node http://localhost:9545","timestamp":"2020-09-01T12:10:50.315Z"}
{"level":"debug","message":"check bridge version body result","timestamp":"2020-09-01T12:11:15.415Z"}
{"level":"info","message":"connected to node type EthereumJS TestRPC/v2.10.2/ethereum-js","timestamp":"2020-09-01T12:11:15.818Z"}
{"level":"warn","message":"Using 0x65ae953a5377b3d97298bd70493c33d4fee8823d to query contracts on your blockchain, make sure it is unlocked and do not use the same address to deploy your contracts","timestamp":"2020-09-01T12:11:15.819Z"}
{"level":"info","message":"deploying the oraclize connector contract...","timestamp":"2020-09-01T12:11:16.107Z"}
{"level":"info","message":"connector deployed to: 0xd24cb2be30bbbcf20a71107c2b4e03f9d4b50d82","timestamp":"2020-09-01T12:11:27.181Z"}
{"success":true,"connector":"0xd24cb2be30bbbcf20a71107c2b4e03f9d4b50d82","level":"debug","message":"connector deployment result","timestamp":"2020-09-01T12:11:27.181Z"}
{"level":"info","message":"deploying the address resolver with a deterministic address...","timestamp":"2020-09-01T12:11:27.364Z"}
{"level":"info","message":"address resolver (OAR) deployed to: 0x6f485c8bf6fc43ea212e93bbf8ce046c7f1cb475","timestamp":"2020-09-01T12:11:48.980Z"}
{"success":true,"oar":"0x6f485c8bf6fc43ea212e93bbf8ce046c7f1cb475","level":"debug","message":"OAR deployment result","timestamp":"2020-09-01T12:11:48.981Z"}
{"level":"warn","message":"skipping pricing update...","timestamp":"2020-09-01T12:11:48.982Z"}
{"level":"info","message":"successfully deployed all contracts","timestamp":"2020-09-01T12:11:48.983Z"}
{"level":"debug","message":"pricing update result","timestamp":"2020-09-01T12:11:48.983Z"}
{"context_name":"eth_922791F1E8","latest_block_number":-1,"oar":"0x6f485c8bf6fc43ea212e93bbf8ce046c7f1cb475","node":{"main":"http://localhost:9545","backup":[]},"contracts":{"connector":{"binary":"C:\\Users\\Kallol\\AppData\\Roaming\\npm\\node_modules\\ethereum-bridge\\contracts\\binary\\oraclizeConnector.binary","abi":"C:\\Users\\Kallol\\AppData\\Roaming\\npm\\node_modules\\ethereum-bridge\\contracts\\abi\\oraclizeConnector.json","source":"C:\\Users\\Kallol\\AppData\\Roaming\\npm\\node_modules\\ethereum-bridge\\contracts\\ethereum-api\\connectors\\oraclizeConnector.sol"},"oar":{"binary":"C:\\Users\\Kallol\\AppData\\Roaming\\npm\\node_modules\\ethereum-bridge\\contracts\\binary\\addressResolver.binary","abi":"C:\\Users\\Kallol\\AppData\\Roaming\\npm\\node_modules\\ethereum-bridge\\contracts\\abi\\addressResolver.json","source":"C:\\Users\\Kallol\\AppData\\Roaming\\npm\\node_modules\\ethereum-bridge\\contracts\\ethereum-api\\connectors\\addressResolver.sol"}},"deterministic_oar":true,"deploy_gas":3700000,"account":"0x65ae953a5377b3d97298bd70493c33d4fee8823d","mode":"active","key_file":"C:\\Users\\Kallol\\AppData\\Roaming\\npm\\node_modules\\ethereum-bridge\\config\\instance\\keys.json","gas_price":20000000000,"connector":"0xd24cb2be30bbbcf20a71107c2b4e03f9d4b50d82","level":"debug","message":"new oracle inline configuration","timestamp":"2020-09-01T12:11:48.983Z"}
{"level":"info","message":"instance configuration file saved to C:\\Users\\Kallol\\AppData\\Roaming\\npm\\node_modules\\ethereum-bridge\\config\\instance\\oracle_instance_20200901T174148.json","timestamp":"2020-09-01T12:11:49.099Z"}
{"level":"debug","message":"starting the bridge log manager...","timestamp":"2020-09-01T12:11:49.100Z"}
{"level":"debug","message":"latest block seen (config file) -1","timestamp":"2020-09-01T12:11:49.106Z"}
{"level":"warn","message":"re-org block listen is disabled while using TestRPC","timestamp":"2020-09-01T12:11:49.127Z"}
{"level":"warn","message":"if you are running a test suit with Truffle and TestRPC or your chain is reset often please use the --dev mode","timestamp":"2020-09-01T12:11:49.128Z"}
{"level":"info","message":"Listening @ 0xd24cb2be30bbbcf20a71107c2b4e03f9d4b50d82 (Oraclize Connector)\n","timestamp":"2020-09-01T12:11:49.129Z"}
{"defaultnode":"http://localhost:8545","HOST":"localhost:8545","account":"1","gas":3700000,"confirmation":12,"disable-deterministic-oar":false,"loglevel":"info","non-interactive":false,"enable-stats":false,"no-hints":false,"gasprice":20000000000,"logFilePath":"./bridge.log","confirmations":12,"defaultGas":3700000,"level":"debug","message":"parsed options","timestamp":"2020-09-01T12:45:22.793Z"}
{"level":"info","message":"you are running ethereum-bridge - version: 0.6.2","timestamp":"2020-09-01T12:45:22.801Z"}
{"level":"info","message":"saving logs to: ./bridge.log","timestamp":"2020-09-01T12:45:22.807Z"}
{"level":"info","message":"using active mode","timestamp":"2020-09-01T12:45:22.810Z"}
{"level":"info","message":"Connecting to eth node http://localhost:8545","timestamp":"2020-09-01T12:45:22.811Z"}
{"defaultnode":"http://localhost:8545","HOST":"localhost:8545","account":"1","gas":3700000,"confirmation":12,"disable-deterministic-oar":false,"loglevel":"info","non-interactive":false,"enable-stats":false,"no-hints":false,"gasprice":20000000000,"logFilePath":"./bridge.log","confirmations":12,"defaultGas":3700000,"level":"debug","message":"parsed options","timestamp":"2020-09-01T12:47:45.113Z"}
{"level":"info","message":"you are running ethereum-bridge - version: 0.6.2","timestamp":"2020-09-01T12:47:45.118Z"}
{"level":"info","message":"saving logs to: ./bridge.log","timestamp":"2020-09-01T12:47:45.119Z"}
{"level":"info","message":"using active mode","timestamp":"2020-09-01T12:47:45.120Z"}
{"level":"info","message":"Connecting to eth node http://localhost:8545","timestamp":"2020-09-01T12:47:45.121Z"}
{"result":{"datasources":{"random":{"sessionPubKeysHash":["0xd937716ea46c0fb8f804f392eb5e00c2667262d1842017eae4f2202943ec1782"]}},"timestamp":1598964334,"deployments":{"ethereum":{"public-kovan":{"addressResolver":"0xB7A07BcF2Ba2f2703b24C0691b5278999C59AC7e"},"public-mainnet":{"addressResolver":"0x1d3B2638a7cC9f2CB3D298A3DA7a90B67E5506ed"},"public-ropsten3":{"addressResolver":"0xc03A2615D5efaf5F49F60B7BB6583eaec212fdf1"},"public-rinkeby":{"addressResolver":"0x146500cfd35B22E4A392Fe0aDc06De1a1368Ed48"}}},"quotes":{"ETH":0.00000212,"USD":0.001,"BTC":8e-8,"EUR":0.0008347},"pricing":{"proofs":{"0":{"units":0,"description":"None"},"16":{"units":40,"description":"TLSNotary"},"32":{"units":40,"description":"Android-Legacy-Version"},"48":{"units":0,"description":"Ledger"},"64":{"units":40,"description":"Android"}},"datasources":[{"units":10,"byte_alias":"0xfb","proof_types":[0],"name":"IPFS"},{"units":10,"byte_alias":"0xf8","proof_types":[0],"name":"swarm"},{"units":10,"byte_alias":"0xff","proof_types":[0,16,32,64],"name":"URL"},{"units":10,"byte_alias":"0xf9","proof_types":[0],"name":"Blockchain"},{"units":10,"byte_alias":"0xfa","proof_types":[0,16,32,64],"name":"nested"},{"units":30,"byte_alias":"0xfc","proof_types":[0],"name":"WolframAlpha"},{"units":500,"byte_alias":"0xfd","proof_types":[0,16,32,64],"name":"computation"},{"units":50,"byte_alias":"0xfe","proof_types":[0,48],"name":"random"}]},"distributions":{"rootstock-bridge":{"motd":"","latest":{"version":"0.5.4"}},"eris-bridge":{"motd":"","latest":{"version":"0.1.0"}},"blockapps-bridge":{"motd":"","latest":{"version":"0.5.4"}},"ethereum-bridge":{"motd":"","latest":{"version":"0.5.4"}}}},"success":true,"level":"debug","message":"check bridge version body result","timestamp":"2020-09-01T12:47:49.172Z"}
{"level":"info","message":"connected to node type EthereumJS TestRPC/v2.10.2/ethereum-js","timestamp":"2020-09-01T12:47:49.579Z"}
{"level":"warn","message":"Using 0x265e1f1d73e465d9182c28270618b13a7cff81dc to query contracts on your blockchain, make sure it is unlocked and do not use the same address to deploy your contracts","timestamp":"2020-09-01T12:47:50.162Z"}
{"level":"info","message":"deploying the oraclize connector contract...","timestamp":"2020-09-01T12:47:50.303Z"}
{"level":"info","message":"connector deployed to: 0xb5a460d8f61e1aa0da97f40ee468523905b6de0c","timestamp":"2020-09-01T12:48:01.298Z"}
{"success":true,"connector":"0xb5a460d8f61e1aa0da97f40ee468523905b6de0c","level":"debug","message":"connector deployment result","timestamp":"2020-09-01T12:48:01.298Z"}
{"level":"info","message":"deploying the address resolver with a deterministic address...","timestamp":"2020-09-01T12:48:01.470Z"}
{"level":"info","message":"address resolver (OAR) deployed to: 0x6f485c8bf6fc43ea212e93bbf8ce046c7f1cb475","timestamp":"2020-09-01T12:48:23.886Z"}
{"success":true,"oar":"0x6f485c8bf6fc43ea212e93bbf8ce046c7f1cb475","level":"debug","message":"OAR deployment result","timestamp":"2020-09-01T12:48:23.886Z"}
{"level":"info","message":"updating connector pricing...","timestamp":"2020-09-01T12:48:23.887Z"}
{"level":"info","message":"successfully deployed all contracts","timestamp":"2020-09-01T12:48:36.391Z"}
{"success":true,"level":"debug","message":"pricing update result","timestamp":"2020-09-01T12:48:36.391Z"}
{"context_name":"eth_5EF6D3D6B5","latest_block_number":-1,"oar":"0x6f485c8bf6fc43ea212e93bbf8ce046c7f1cb475","node":{"main":"http://localhost:8545","backup":[]},"contracts":{"connector":{"binary":"C:\\Users\\Kallol\\AppData\\Roaming\\npm\\node_modules\\ethereum-bridge\\contracts\\binary\\oraclizeConnector.binary","abi":"C:\\Users\\Kallol\\AppData\\Roaming\\npm\\node_modules\\ethereum-bridge\\contracts\\abi\\oraclizeConnector.json","source":"C:\\Users\\Kallol\\AppData\\Roaming\\npm\\node_modules\\ethereum-bridge\\contracts\\ethereum-api\\connectors\\oraclizeConnector.sol"},"oar":{"binary":"C:\\Users\\Kallol\\AppData\\Roaming\\npm\\node_modules\\ethereum-bridge\\contracts\\binary\\addressResolver.binary","abi":"C:\\Users\\Kallol\\AppData\\Roaming\\npm\\node_modules\\ethereum-bridge\\contracts\\abi\\addressResolver.json","source":"C:\\Users\\Kallol\\AppData\\Roaming\\npm\\node_modules\\ethereum-bridge\\contracts\\ethereum-api\\connectors\\addressResolver.sol"}},"deterministic_oar":true,"deploy_gas":3700000,"account":"0x265e1f1d73e465d9182c28270618b13a7cff81dc","mode":"active","key_file":"C:\\Users\\Kallol\\AppData\\Roaming\\npm\\node_modules\\ethereum-bridge\\config\\instance\\keys.json","gas_price":20000000000,"onchain_config":{"pricing":[{"name":"IPFS","proof":0,"units":10},{"name":"IPFS","proof":1,"units":10},{"name":"swarm","proof":0,"units":10},{"name":"swarm","proof":1,"units":10},{"name":"URL","proof":0,"units":10},{"name":"URL","proof":1,"units":10},{"name":"URL","proof":16,"units":50},{"name":"URL","proof":17,"units":50},{"name":"URL","proof":32,"units":50},{"name":"URL","proof":33,"units":50},{"name":"URL","proof":64,"units":50},{"name":"URL","proof":65,"units":50},{"name":"Blockchain","proof":0,"units":10},{"name":"Blockchain","proof":1,"units":10},{"name":"nested","proof":0,"units":10},{"name":"nested","proof":1,"units":10},{"name":"nested","proof":16,"units":50},{"name":"nested","proof":17,"units":50},{"name":"nested","proof":32,"units":50},{"name":"nested","proof":33,"units":50},{"name":"nested","proof":64,"units":50},{"name":"nested","proof":65,"units":50},{"name":"WolframAlpha","proof":0,"units":30},{"name":"WolframAlpha","proof":1,"units":30},{"name":"computation","proof":0,"units":500},{"name":"computation","proof":1,"units":500},{"name":"computation","proof":16,"units":540},{"name":"computation","proof":17,"units":540},{"name":"computation","proof":32,"units":540},{"name":"computation","proof":33,"units":540},{"name":"computation","proof":64,"units":540},{"name":"computation","proof":65,"units":540},{"name":"random","proof":0,"units":50},{"name":"random","proof":1,"units":50},{"name":"random","proof":48,"units":50},{"name":"random","proof":49,"units":50}],"base_price":0.00000212},"connector":"0xb5a460d8f61e1aa0da97f40ee468523905b6de0c","level":"debug","message":"new oracle inline configuration","timestamp":"2020-09-01T12:48:36.391Z"}
{"level":"info","message":"instance configuration file saved to C:\\Users\\Kallol\\AppData\\Roaming\\npm\\node_modules\\ethereum-bridge\\config\\instance\\oracle_instance_20200901T181836.json","timestamp":"2020-09-01T12:48:36.400Z"}
{"level":"debug","message":"starting the bridge log manager...","timestamp":"2020-09-01T12:48:36.401Z"}
{"level":"debug","message":"latest block seen (config file) -1","timestamp":"2020-09-01T12:48:36.405Z"}
{"level":"warn","message":"re-org block listen is disabled while using TestRPC","timestamp":"2020-09-01T12:48:36.410Z"}
{"level":"warn","message":"if you are running a test suit with Truffle and TestRPC or your chain is reset often please use the --dev mode","timestamp":"2020-09-01T12:48:36.411Z"}
{"level":"info","message":"Listening @ 0xb5a460d8f61e1aa0da97f40ee468523905b6de0c (Oraclize Connector)\n","timestamp":"2020-09-01T12:48:36.412Z"}
{"defaultnode":"http://localhost:8545","HOST":"localhost:8545","account":"0","gas":3700000,"confirmation":12,"disable-deterministic-oar":false,"loglevel":"info","non-interactive":false,"enable-stats":false,"no-hints":false,"gasprice":20000000000,"logFilePath":"./bridge.log","confirmations":12,"defaultGas":3700000,"level":"debug","message":"parsed options","timestamp":"2020-09-01T12:56:26.780Z"}
{"level":"info","message":"you are running ethereum-bridge - version: 0.6.2","timestamp":"2020-09-01T12:56:26.799Z"}
{"level":"info","message":"saving logs to: ./bridge.log","timestamp":"2020-09-01T12:56:26.800Z"}
{"level":"info","message":"using active mode","timestamp":"2020-09-01T12:56:26.801Z"}
{"level":"info","message":"Connecting to eth node http://localhost:8545","timestamp":"2020-09-01T12:56:26.802Z"}
{"result":{"datasources":{"random":{"sessionPubKeysHash":["0xd937716ea46c0fb8f804f392eb5e00c2667262d1842017eae4f2202943ec1782"]}},"timestamp":1598964334,"deployments":{"ethereum":{"public-kovan":{"addressResolver":"0xB7A07BcF2Ba2f2703b24C0691b5278999C59AC7e"},"public-mainnet":{"addressResolver":"0x1d3B2638a7cC9f2CB3D298A3DA7a90B67E5506ed"},"public-ropsten3":{"addressResolver":"0xc03A2615D5efaf5F49F60B7BB6583eaec212fdf1"},"public-rinkeby":{"addressResolver":"0x146500cfd35B22E4A392Fe0aDc06De1a1368Ed48"}}},"quotes":{"ETH":0.00000212,"USD":0.001,"BTC":8e-8,"EUR":0.0008347},"pricing":{"proofs":{"0":{"units":0,"description":"None"},"16":{"units":40,"description":"TLSNotary"},"32":{"units":40,"description":"Android-Legacy-Version"},"48":{"units":0,"description":"Ledger"},"64":{"units":40,"description":"Android"}},"datasources":[{"units":10,"byte_alias":"0xfb","proof_types":[0],"name":"IPFS"},{"units":10,"byte_alias":"0xf8","proof_types":[0],"name":"swarm"},{"units":10,"byte_alias":"0xff","proof_types":[0,16,32,64],"name":"URL"},{"units":10,"byte_alias":"0xf9","proof_types":[0],"name":"Blockchain"},{"units":10,"byte_alias":"0xfa","proof_types":[0,16,32,64],"name":"nested"},{"units":30,"byte_alias":"0xfc","proof_types":[0],"name":"WolframAlpha"},{"units":500,"byte_alias":"0xfd","proof_types":[0,16,32,64],"name":"computation"},{"units":50,"byte_alias":"0xfe","proof_types":[0,48],"name":"random"}]},"distributions":{"rootstock-bridge":{"motd":"","latest":{"version":"0.5.4"}},"eris-bridge":{"motd":"","latest":{"version":"0.1.0"}},"blockapps-bridge":{"motd":"","latest":{"version":"0.5.4"}},"ethereum-bridge":{"motd":"","latest":{"version":"0.5.4"}}}},"success":true,"level":"debug","message":"check bridge version body result","timestamp":"2020-09-01T12:56:36.932Z"}
{"level":"info","message":"connected to node type EthereumJS TestRPC/v2.10.2/ethereum-js","timestamp":"2020-09-01T12:56:37.360Z"}
{"level":"warn","message":"Using 0x592e5138a39b249fb057c1bbe74c98f329b0ed01 to query contracts on your blockchain, make sure it is unlocked and do not use the same address to deploy your contracts","timestamp":"2020-09-01T12:56:37.932Z"}
{"level":"info","message":"deploying the oraclize connector contract...","timestamp":"2020-09-01T12:56:38.067Z"}
{"level":"info","message":"connector deployed to: 0x508f729a7be6763dd0057c63bb4b0d550642203b","timestamp":"2020-09-01T12:56:48.857Z"}
{"success":true,"connector":"0x508f729a7be6763dd0057c63bb4b0d550642203b","level":"debug","message":"connector deployment result","timestamp":"2020-09-01T12:56:48.857Z"}
{"level":"info","message":"deploying the address resolver with a deterministic address...","timestamp":"2020-09-01T12:56:48.996Z"}
{"level":"info","message":"address resolver (OAR) deployed to: 0x6f485c8bf6fc43ea212e93bbf8ce046c7f1cb475","timestamp":"2020-09-01T12:57:10.715Z"}
{"success":true,"oar":"0x6f485c8bf6fc43ea212e93bbf8ce046c7f1cb475","level":"debug","message":"OAR deployment result","timestamp":"2020-09-01T12:57:10.715Z"}
{"level":"info","message":"updating connector pricing...","timestamp":"2020-09-01T12:57:10.716Z"}
{"level":"info","message":"successfully deployed all contracts","timestamp":"2020-09-01T12:57:23.016Z"}
{"success":true,"level":"debug","message":"pricing update result","timestamp":"2020-09-01T12:57:23.016Z"}
{"context_name":"eth_1F9D00A396","latest_block_number":-1,"oar":"0x6f485c8bf6fc43ea212e93bbf8ce046c7f1cb475","node":{"main":"http://localhost:8545","backup":[]},"contracts":{"connector":{"binary":"C:\\Users\\Kallol\\AppData\\Roaming\\npm\\node_modules\\ethereum-bridge\\contracts\\binary\\oraclizeConnector.binary","abi":"C:\\Users\\Kallol\\AppData\\Roaming\\npm\\node_modules\\ethereum-bridge\\contracts\\abi\\oraclizeConnector.json","source":"C:\\Users\\Kallol\\AppData\\Roaming\\npm\\node_modules\\ethereum-bridge\\contracts\\ethereum-api\\connectors\\oraclizeConnector.sol"},"oar":{"binary":"C:\\Users\\Kallol\\AppData\\Roaming\\npm\\node_modules\\ethereum-bridge\\contracts\\binary\\addressResolver.binary","abi":"C:\\Users\\Kallol\\AppData\\Roaming\\npm\\node_modules\\ethereum-bridge\\contracts\\abi\\addressResolver.json","source":"C:\\Users\\Kallol\\AppData\\Roaming\\npm\\node_modules\\ethereum-bridge\\contracts\\ethereum-api\\connectors\\addressResolver.sol"}},"deterministic_oar":true,"deploy_gas":3700000,"account":"0x592e5138a39b249fb057c1bbe74c98f329b0ed01","mode":"active","key_file":"C:\\Users\\Kallol\\AppData\\Roaming\\npm\\node_modules\\ethereum-bridge\\config\\instance\\keys.json","gas_price":20000000000,"onchain_config":{"pricing":[{"name":"IPFS","proof":0,"units":10},{"name":"IPFS","proof":1,"units":10},{"name":"swarm","proof":0,"units":10},{"name":"swarm","proof":1,"units":10},{"name":"URL","proof":0,"units":10},{"name":"URL","proof":1,"units":10},{"name":"URL","proof":16,"units":50},{"name":"URL","proof":17,"units":50},{"name":"URL","proof":32,"units":50},{"name":"URL","proof":33,"units":50},{"name":"URL","proof":64,"units":50},{"name":"URL","proof":65,"units":50},{"name":"Blockchain","proof":0,"units":10},{"name":"Blockchain","proof":1,"units":10},{"name":"nested","proof":0,"units":10},{"name":"nested","proof":1,"units":10},{"name":"nested","proof":16,"units":50},{"name":"nested","proof":17,"units":50},{"name":"nested","proof":32,"units":50},{"name":"nested","proof":33,"units":50},{"name":"nested","proof":64,"units":50},{"name":"nested","proof":65,"units":50},{"name":"WolframAlpha","proof":0,"units":30},{"name":"WolframAlpha","proof":1,"units":30},{"name":"computation","proof":0,"units":500},{"name":"computation","proof":1,"units":500},{"name":"computation","proof":16,"units":540},{"name":"computation","proof":17,"units":540},{"name":"computation","proof":32,"units":540},{"name":"computation","proof":33,"units":540},{"name":"computation","proof":64,"units":540},{"name":"computation","proof":65,"units":540},{"name":"random","proof":0,"units":50},{"name":"random","proof":1,"units":50},{"name":"random","proof":48,"units":50},{"name":"random","proof":49,"units":50}],"base_price":0.00000212},"connector":"0x508f729a7be6763dd0057c63bb4b0d550642203b","level":"debug","message":"new oracle inline configuration","timestamp":"2020-09-01T12:57:23.017Z"}
{"level":"info","message":"instance configuration file saved to C:\\Users\\Kallol\\AppData\\Roaming\\npm\\node_modules\\ethereum-bridge\\config\\instance\\oracle_instance_20200901T182723.json","timestamp":"2020-09-01T12:57:23.026Z"}
{"level":"debug","message":"starting the bridge log manager...","timestamp":"2020-09-01T12:57:23.027Z"}
{"level":"debug","message":"latest block seen (config file) -1","timestamp":"2020-09-01T12:57:23.031Z"}
{"level":"warn","message":"re-org block listen is disabled while using TestRPC","timestamp":"2020-09-01T12:57:23.039Z"}
{"level":"warn","message":"if you are running a test suit with Truffle and TestRPC or your chain is reset often please use the --dev mode","timestamp":"2020-09-01T12:57:23.040Z"}
{"level":"info","message":"Listening @ 0x508f729a7be6763dd0057c63bb4b0d550642203b (Oraclize Connector)\n","timestamp":"2020-09-01T12:57:23.041Z"}
